{
  "C:\\Users\\user\\Documents\\BYU_4_Semester\\Backend_2_Final_Project\\CSE-341-FinalProject\\server.js": {
    "path": "C:\\Users\\user\\Documents\\BYU_4_Semester\\Backend_2_Final_Project\\CSE-341-FinalProject\\server.js",
    "statementMap": {
      "0": { "start": { "line": 2, "column": 15 }, "end": { "line": 2, "column": 35 } },
      "1": { "start": { "line": 3, "column": 19 }, "end": { "line": 3, "column": 41 } },
      "2": { "start": { "line": 4, "column": 17 }, "end": { "line": 4, "column": 40 } },
      "3": { "start": { "line": 5, "column": 17 }, "end": { "line": 5, "column": 50 } },
      "4": { "start": { "line": 6, "column": 15 }, "end": { "line": 6, "column": 32 } },
      "5": { "start": { "line": 7, "column": 13 }, "end": { "line": 7, "column": 28 } },
      "6": { "start": { "line": 8, "column": 0 }, "end": { "line": 8, "column": 16 } },
      "7": { "start": { "line": 10, "column": 16 }, "end": { "line": 10, "column": 34 } },
      "8": { "start": { "line": 13, "column": 13 }, "end": { "line": 13, "column": 37 } },
      "9": { "start": { "line": 16, "column": 0 }, "end": { "line": 16, "column": 28 } },
      "10": { "start": { "line": 17, "column": 0 }, "end": { "line": 17, "column": 33 } },
      "11": { "start": { "line": 20, "column": 15 }, "end": { "line": 27, "column": 1 } },
      "12": { "start": { "line": 30, "column": 0 }, "end": { "line": 30, "column": 25 } },
      "13": { "start": { "line": 31, "column": 0 }, "end": { "line": 31, "column": 30 } },
      "14": { "start": { "line": 33, "column": 0 }, "end": { "line": 33, "column": 19 } },
      "15": { "start": { "line": 34, "column": 0 }, "end": { "line": 34, "column": 37 } },
      "16": { "start": { "line": 38, "column": 0 }, "end": { "line": 38, "column": 52 } },
      "17": { "start": { "line": 42, "column": 0 }, "end": { "line": 44, "column": 3 } },
      "18": { "start": { "line": 43, "column": 2 }, "end": { "line": 43, "column": 95 } },
      "19": { "start": { "line": 47, "column": 0 }, "end": { "line": 56, "column": 3 } },
      "20": { "start": { "line": 48, "column": 2 }, "end": { "line": 55, "column": 3 } },
      "21": { "start": { "line": 49, "column": 4 }, "end": { "line": 49, "column": 46 } },
      "22": { "start": { "line": 51, "column": 4 }, "end": { "line": 53, "column": 7 } },
      "23": { "start": { "line": 52, "column": 6 }, "end": { "line": 52, "column": 76 } },
      "24": { "start": { "line": 54, "column": 4 }, "end": { "line": 54, "column": 42 } },
      "25": { "start": { "line": 59, "column": 0 }, "end": { "line": 59, "column": 24 } }
    },
    "fnMap": {
      "0": {
        "name": "(anonymous_0)",
        "decl": { "start": { "line": 42, "column": 32 }, "end": { "line": 42, "column": 33 } },
        "loc": { "start": { "line": 42, "column": 49 }, "end": { "line": 44, "column": 1 } },
        "line": 42
      },
      "1": {
        "name": "(anonymous_1)",
        "decl": { "start": { "line": 47, "column": 16 }, "end": { "line": 47, "column": 17 } },
        "loc": { "start": { "line": 47, "column": 25 }, "end": { "line": 56, "column": 1 } },
        "line": 47
      },
      "2": {
        "name": "(anonymous_2)",
        "decl": { "start": { "line": 51, "column": 24 }, "end": { "line": 51, "column": 25 } },
        "loc": { "start": { "line": 51, "column": 30 }, "end": { "line": 53, "column": 5 } },
        "line": 51
      }
    },
    "branchMap": {
      "0": {
        "loc": { "start": { "line": 13, "column": 13 }, "end": { "line": 13, "column": 37 } },
        "type": "binary-expr",
        "locations": [
          { "start": { "line": 13, "column": 13 }, "end": { "line": 13, "column": 29 } },
          { "start": { "line": 13, "column": 33 }, "end": { "line": 13, "column": 37 } }
        ],
        "line": 13
      },
      "1": {
        "loc": { "start": { "line": 48, "column": 2 }, "end": { "line": 55, "column": 3 } },
        "type": "if",
        "locations": [
          { "start": { "line": 48, "column": 2 }, "end": { "line": 55, "column": 3 } },
          { "start": { "line": 50, "column": 9 }, "end": { "line": 55, "column": 3 } }
        ],
        "line": 48
      }
    },
    "s": {
      "0": 1,
      "1": 1,
      "2": 1,
      "3": 1,
      "4": 1,
      "5": 1,
      "6": 1,
      "7": 1,
      "8": 1,
      "9": 1,
      "10": 1,
      "11": 1,
      "12": 1,
      "13": 1,
      "14": 1,
      "15": 1,
      "16": 1,
      "17": 1,
      "18": 0,
      "19": 1,
      "20": 1,
      "21": 0,
      "22": 1,
      "23": 1,
      "24": 1,
      "25": 1
    },
    "f": { "0": 0, "1": 1, "2": 1 },
    "b": { "0": [1, 0], "1": [0, 1] },
    "_coverageSchema": "1a1c01bbd47fc00a2c39e90264f33305004495a9",
    "hash": "fbb0d6b838c9717dbc56f708577c50b4e668a441"
  },
  "C:\\Users\\user\\Documents\\BYU_4_Semester\\Backend_2_Final_Project\\CSE-341-FinalProject\\controllers\\courses.js": {
    "path": "C:\\Users\\user\\Documents\\BYU_4_Semester\\Backend_2_Final_Project\\CSE-341-FinalProject\\controllers\\courses.js",
    "statementMap": {
      "0": { "start": { "line": 1, "column": 17 }, "end": { "line": 1, "column": 44 } },
      "1": { "start": { "line": 2, "column": 21 }, "end": { "line": 2, "column": 49 } },
      "2": { "start": { "line": 5, "column": 22 }, "end": { "line": 13, "column": 1 } },
      "3": { "start": { "line": 6, "column": 2 }, "end": { "line": 12, "column": 3 } },
      "4": { "start": { "line": 7, "column": 21 }, "end": { "line": 7, "column": 46 } },
      "5": { "start": { "line": 8, "column": 4 }, "end": { "line": 8, "column": 54 } },
      "6": { "start": { "line": 9, "column": 4 }, "end": { "line": 9, "column": 35 } },
      "7": { "start": { "line": 11, "column": 4 }, "end": { "line": 11, "column": 93 } },
      "8": { "start": { "line": 16, "column": 18 }, "end": { "line": 29, "column": 1 } },
      "9": { "start": { "line": 17, "column": 2 }, "end": { "line": 28, "column": 3 } },
      "10": { "start": { "line": 18, "column": 21 }, "end": { "line": 18, "column": 48 } },
      "11": { "start": { "line": 19, "column": 21 }, "end": { "line": 19, "column": 63 } },
      "12": { "start": { "line": 20, "column": 4 }, "end": { "line": 23, "column": 5 } },
      "13": { "start": { "line": 21, "column": 6 }, "end": { "line": 21, "column": 59 } },
      "14": { "start": { "line": 22, "column": 6 }, "end": { "line": 22, "column": 13 } },
      "15": { "start": { "line": 24, "column": 4 }, "end": { "line": 24, "column": 54 } },
      "16": { "start": { "line": 25, "column": 4 }, "end": { "line": 25, "column": 35 } },
      "17": { "start": { "line": 27, "column": 4 }, "end": { "line": 27, "column": 66 } },
      "18": { "start": { "line": 32, "column": 19 }, "end": { "line": 49, "column": 1 } },
      "19": { "start": { "line": 33, "column": 2 }, "end": { "line": 48, "column": 3 } },
      "20": { "start": { "line": 35, "column": 22 }, "end": { "line": 43, "column": 6 } },
      "21": { "start": { "line": 44, "column": 4 }, "end": { "line": 44, "column": 27 } },
      "22": { "start": { "line": 45, "column": 4 }, "end": { "line": 45, "column": 36 } },
      "23": { "start": { "line": 47, "column": 4 }, "end": { "line": 47, "column": 74 } },
      "24": { "start": { "line": 52, "column": 18 }, "end": { "line": 74, "column": 1 } },
      "25": { "start": { "line": 53, "column": 2 }, "end": { "line": 73, "column": 3 } },
      "26": { "start": { "line": 54, "column": 21 }, "end": { "line": 54, "column": 48 } },
      "27": { "start": { "line": 56, "column": 24 }, "end": { "line": 64, "column": 5 } },
      "28": { "start": { "line": 65, "column": 21 }, "end": { "line": 65, "column": 82 } },
      "29": { "start": { "line": 66, "column": 4 }, "end": { "line": 70, "column": 5 } },
      "30": { "start": { "line": 67, "column": 6 }, "end": { "line": 67, "column": 37 } },
      "31": { "start": { "line": 69, "column": 6 }, "end": { "line": 69, "column": 67 } },
      "32": { "start": { "line": 72, "column": 4 }, "end": { "line": 72, "column": 66 } },
      "33": { "start": { "line": 77, "column": 21 }, "end": { "line": 89, "column": 1 } },
      "34": { "start": { "line": 78, "column": 2 }, "end": { "line": 88, "column": 3 } },
      "35": { "start": { "line": 79, "column": 21 }, "end": { "line": 79, "column": 48 } },
      "36": { "start": { "line": 80, "column": 21 }, "end": { "line": 80, "column": 68 } },
      "37": { "start": { "line": 81, "column": 4 }, "end": { "line": 85, "column": 5 } },
      "38": { "start": { "line": 82, "column": 6 }, "end": { "line": 82, "column": 37 } },
      "39": { "start": { "line": 84, "column": 6 }, "end": { "line": 84, "column": 74 } },
      "40": { "start": { "line": 87, "column": 4 }, "end": { "line": 87, "column": 66 } },
      "41": { "start": { "line": 91, "column": 0 }, "end": { "line": 97, "column": 2 } }
    },
    "fnMap": {
      "0": {
        "name": "(anonymous_0)",
        "decl": { "start": { "line": 5, "column": 22 }, "end": { "line": 5, "column": 23 } },
        "loc": { "start": { "line": 5, "column": 42 }, "end": { "line": 13, "column": 1 } },
        "line": 5
      },
      "1": {
        "name": "(anonymous_1)",
        "decl": { "start": { "line": 16, "column": 18 }, "end": { "line": 16, "column": 19 } },
        "loc": { "start": { "line": 16, "column": 38 }, "end": { "line": 29, "column": 1 } },
        "line": 16
      },
      "2": {
        "name": "(anonymous_2)",
        "decl": { "start": { "line": 32, "column": 19 }, "end": { "line": 32, "column": 20 } },
        "loc": { "start": { "line": 32, "column": 39 }, "end": { "line": 49, "column": 1 } },
        "line": 32
      },
      "3": {
        "name": "(anonymous_3)",
        "decl": { "start": { "line": 52, "column": 18 }, "end": { "line": 52, "column": 19 } },
        "loc": { "start": { "line": 52, "column": 38 }, "end": { "line": 74, "column": 1 } },
        "line": 52
      },
      "4": {
        "name": "(anonymous_4)",
        "decl": { "start": { "line": 77, "column": 21 }, "end": { "line": 77, "column": 22 } },
        "loc": { "start": { "line": 77, "column": 41 }, "end": { "line": 89, "column": 1 } },
        "line": 77
      }
    },
    "branchMap": {
      "0": {
        "loc": { "start": { "line": 11, "column": 25 }, "end": { "line": 11, "column": 91 } },
        "type": "binary-expr",
        "locations": [
          { "start": { "line": 11, "column": 25 }, "end": { "line": 11, "column": 34 } },
          { "start": { "line": 11, "column": 38 }, "end": { "line": 11, "column": 91 } }
        ],
        "line": 11
      },
      "1": {
        "loc": { "start": { "line": 17, "column": 2 }, "end": { "line": 28, "column": 3 } },
        "type": "if",
        "locations": [
          { "start": { "line": 17, "column": 2 }, "end": { "line": 28, "column": 3 } },
          { "start": { "line": 26, "column": 9 }, "end": { "line": 28, "column": 3 } }
        ],
        "line": 17
      },
      "2": {
        "loc": { "start": { "line": 20, "column": 4 }, "end": { "line": 23, "column": 5 } },
        "type": "if",
        "locations": [
          { "start": { "line": 20, "column": 4 }, "end": { "line": 23, "column": 5 } },
          { "start": {}, "end": {} }
        ],
        "line": 20
      },
      "3": {
        "loc": { "start": { "line": 47, "column": 25 }, "end": { "line": 47, "column": 72 } },
        "type": "binary-expr",
        "locations": [
          { "start": { "line": 47, "column": 25 }, "end": { "line": 47, "column": 30 } },
          { "start": { "line": 47, "column": 34 }, "end": { "line": 47, "column": 72 } }
        ],
        "line": 47
      },
      "4": {
        "loc": { "start": { "line": 53, "column": 2 }, "end": { "line": 73, "column": 3 } },
        "type": "if",
        "locations": [
          { "start": { "line": 53, "column": 2 }, "end": { "line": 73, "column": 3 } },
          { "start": { "line": 71, "column": 9 }, "end": { "line": 73, "column": 3 } }
        ],
        "line": 53
      },
      "5": {
        "loc": { "start": { "line": 66, "column": 4 }, "end": { "line": 70, "column": 5 } },
        "type": "if",
        "locations": [
          { "start": { "line": 66, "column": 4 }, "end": { "line": 70, "column": 5 } },
          { "start": { "line": 68, "column": 11 }, "end": { "line": 70, "column": 5 } }
        ],
        "line": 66
      },
      "6": {
        "loc": { "start": { "line": 78, "column": 2 }, "end": { "line": 88, "column": 3 } },
        "type": "if",
        "locations": [
          { "start": { "line": 78, "column": 2 }, "end": { "line": 88, "column": 3 } },
          { "start": { "line": 86, "column": 9 }, "end": { "line": 88, "column": 3 } }
        ],
        "line": 78
      },
      "7": {
        "loc": { "start": { "line": 81, "column": 4 }, "end": { "line": 85, "column": 5 } },
        "type": "if",
        "locations": [
          { "start": { "line": 81, "column": 4 }, "end": { "line": 85, "column": 5 } },
          { "start": { "line": 83, "column": 11 }, "end": { "line": 85, "column": 5 } }
        ],
        "line": 81
      }
    },
    "s": {
      "0": 1,
      "1": 1,
      "2": 1,
      "3": 0,
      "4": 0,
      "5": 0,
      "6": 0,
      "7": 0,
      "8": 1,
      "9": 0,
      "10": 0,
      "11": 0,
      "12": 0,
      "13": 0,
      "14": 0,
      "15": 0,
      "16": 0,
      "17": 0,
      "18": 1,
      "19": 0,
      "20": 0,
      "21": 0,
      "22": 0,
      "23": 0,
      "24": 1,
      "25": 0,
      "26": 0,
      "27": 0,
      "28": 0,
      "29": 0,
      "30": 0,
      "31": 0,
      "32": 0,
      "33": 1,
      "34": 0,
      "35": 0,
      "36": 0,
      "37": 0,
      "38": 0,
      "39": 0,
      "40": 0,
      "41": 1
    },
    "f": { "0": 0, "1": 0, "2": 0, "3": 0, "4": 0 },
    "b": {
      "0": [0, 0],
      "1": [0, 0],
      "2": [0, 0],
      "3": [0, 0],
      "4": [0, 0],
      "5": [0, 0],
      "6": [0, 0],
      "7": [0, 0]
    },
    "_coverageSchema": "1a1c01bbd47fc00a2c39e90264f33305004495a9",
    "hash": "359a33be182a25039b9a81d0d4e57fa39b3e662a"
  },
  "C:\\Users\\user\\Documents\\BYU_4_Semester\\Backend_2_Final_Project\\CSE-341-FinalProject\\controllers\\instructors.js": {
    "path": "C:\\Users\\user\\Documents\\BYU_4_Semester\\Backend_2_Final_Project\\CSE-341-FinalProject\\controllers\\instructors.js",
    "statementMap": {
      "0": { "start": { "line": 1, "column": 17 }, "end": { "line": 1, "column": 44 } },
      "1": { "start": { "line": 2, "column": 25 }, "end": { "line": 2, "column": 57 } },
      "2": { "start": { "line": 5, "column": 26 }, "end": { "line": 13, "column": 1 } },
      "3": { "start": { "line": 6, "column": 2 }, "end": { "line": 12, "column": 3 } },
      "4": { "start": { "line": 7, "column": 21 }, "end": { "line": 7, "column": 50 } },
      "5": { "start": { "line": 8, "column": 4 }, "end": { "line": 8, "column": 54 } },
      "6": { "start": { "line": 9, "column": 4 }, "end": { "line": 9, "column": 35 } },
      "7": { "start": { "line": 11, "column": 4 }, "end": { "line": 11, "column": 93 } },
      "8": { "start": { "line": 15, "column": 22 }, "end": { "line": 28, "column": 1 } },
      "9": { "start": { "line": 16, "column": 2 }, "end": { "line": 27, "column": 3 } },
      "10": { "start": { "line": 17, "column": 25 }, "end": { "line": 17, "column": 52 } },
      "11": { "start": { "line": 18, "column": 21 }, "end": { "line": 18, "column": 71 } },
      "12": { "start": { "line": 19, "column": 4 }, "end": { "line": 22, "column": 5 } },
      "13": { "start": { "line": 20, "column": 6 }, "end": { "line": 20, "column": 59 } },
      "14": { "start": { "line": 21, "column": 6 }, "end": { "line": 21, "column": 13 } },
      "15": { "start": { "line": 23, "column": 4 }, "end": { "line": 23, "column": 54 } },
      "16": { "start": { "line": 24, "column": 4 }, "end": { "line": 24, "column": 35 } },
      "17": { "start": { "line": 26, "column": 4 }, "end": { "line": 26, "column": 66 } },
      "18": { "start": { "line": 31, "column": 23 }, "end": { "line": 47, "column": 1 } },
      "19": { "start": { "line": 32, "column": 2 }, "end": { "line": 46, "column": 3 } },
      "20": { "start": { "line": 34, "column": 26 }, "end": { "line": 41, "column": 6 } },
      "21": { "start": { "line": 42, "column": 4 }, "end": { "line": 42, "column": 31 } },
      "22": { "start": { "line": 43, "column": 4 }, "end": { "line": 43, "column": 40 } },
      "23": { "start": { "line": 45, "column": 4 }, "end": { "line": 45, "column": 75 } },
      "24": { "start": { "line": 50, "column": 22 }, "end": { "line": 71, "column": 1 } },
      "25": { "start": { "line": 51, "column": 2 }, "end": { "line": 70, "column": 3 } },
      "26": { "start": { "line": 52, "column": 25 }, "end": { "line": 52, "column": 52 } },
      "27": { "start": { "line": 54, "column": 24 }, "end": { "line": 61, "column": 5 } },
      "28": { "start": { "line": 62, "column": 21 }, "end": { "line": 62, "column": 90 } },
      "29": { "start": { "line": 63, "column": 4 }, "end": { "line": 67, "column": 5 } },
      "30": { "start": { "line": 64, "column": 6 }, "end": { "line": 64, "column": 37 } },
      "31": { "start": { "line": 66, "column": 6 }, "end": { "line": 66, "column": 67 } },
      "32": { "start": { "line": 69, "column": 4 }, "end": { "line": 69, "column": 66 } },
      "33": { "start": { "line": 74, "column": 25 }, "end": { "line": 86, "column": 1 } },
      "34": { "start": { "line": 75, "column": 2 }, "end": { "line": 85, "column": 3 } },
      "35": { "start": { "line": 76, "column": 25 }, "end": { "line": 76, "column": 52 } },
      "36": { "start": { "line": 77, "column": 21 }, "end": { "line": 77, "column": 76 } },
      "37": { "start": { "line": 78, "column": 4 }, "end": { "line": 82, "column": 5 } },
      "38": { "start": { "line": 79, "column": 6 }, "end": { "line": 79, "column": 37 } },
      "39": { "start": { "line": 81, "column": 6 }, "end": { "line": 81, "column": 74 } },
      "40": { "start": { "line": 84, "column": 4 }, "end": { "line": 84, "column": 66 } },
      "41": { "start": { "line": 88, "column": 0 }, "end": { "line": 94, "column": 2 } }
    },
    "fnMap": {
      "0": {
        "name": "(anonymous_0)",
        "decl": { "start": { "line": 5, "column": 26 }, "end": { "line": 5, "column": 27 } },
        "loc": { "start": { "line": 5, "column": 46 }, "end": { "line": 13, "column": 1 } },
        "line": 5
      },
      "1": {
        "name": "(anonymous_1)",
        "decl": { "start": { "line": 15, "column": 22 }, "end": { "line": 15, "column": 23 } },
        "loc": { "start": { "line": 15, "column": 42 }, "end": { "line": 28, "column": 1 } },
        "line": 15
      },
      "2": {
        "name": "(anonymous_2)",
        "decl": { "start": { "line": 31, "column": 23 }, "end": { "line": 31, "column": 24 } },
        "loc": { "start": { "line": 31, "column": 43 }, "end": { "line": 47, "column": 1 } },
        "line": 31
      },
      "3": {
        "name": "(anonymous_3)",
        "decl": { "start": { "line": 50, "column": 22 }, "end": { "line": 50, "column": 23 } },
        "loc": { "start": { "line": 50, "column": 42 }, "end": { "line": 71, "column": 1 } },
        "line": 50
      },
      "4": {
        "name": "(anonymous_4)",
        "decl": { "start": { "line": 74, "column": 25 }, "end": { "line": 74, "column": 26 } },
        "loc": { "start": { "line": 74, "column": 45 }, "end": { "line": 86, "column": 1 } },
        "line": 74
      }
    },
    "branchMap": {
      "0": {
        "loc": { "start": { "line": 11, "column": 25 }, "end": { "line": 11, "column": 91 } },
        "type": "binary-expr",
        "locations": [
          { "start": { "line": 11, "column": 25 }, "end": { "line": 11, "column": 34 } },
          { "start": { "line": 11, "column": 38 }, "end": { "line": 11, "column": 91 } }
        ],
        "line": 11
      },
      "1": {
        "loc": { "start": { "line": 16, "column": 2 }, "end": { "line": 27, "column": 3 } },
        "type": "if",
        "locations": [
          { "start": { "line": 16, "column": 2 }, "end": { "line": 27, "column": 3 } },
          { "start": { "line": 25, "column": 9 }, "end": { "line": 27, "column": 3 } }
        ],
        "line": 16
      },
      "2": {
        "loc": { "start": { "line": 19, "column": 4 }, "end": { "line": 22, "column": 5 } },
        "type": "if",
        "locations": [
          { "start": { "line": 19, "column": 4 }, "end": { "line": 22, "column": 5 } },
          { "start": {}, "end": {} }
        ],
        "line": 19
      },
      "3": {
        "loc": { "start": { "line": 45, "column": 25 }, "end": { "line": 45, "column": 73 } },
        "type": "binary-expr",
        "locations": [
          { "start": { "line": 45, "column": 25 }, "end": { "line": 45, "column": 30 } },
          { "start": { "line": 45, "column": 34 }, "end": { "line": 45, "column": 73 } }
        ],
        "line": 45
      },
      "4": {
        "loc": { "start": { "line": 51, "column": 2 }, "end": { "line": 70, "column": 3 } },
        "type": "if",
        "locations": [
          { "start": { "line": 51, "column": 2 }, "end": { "line": 70, "column": 3 } },
          { "start": { "line": 68, "column": 9 }, "end": { "line": 70, "column": 3 } }
        ],
        "line": 51
      },
      "5": {
        "loc": { "start": { "line": 63, "column": 4 }, "end": { "line": 67, "column": 5 } },
        "type": "if",
        "locations": [
          { "start": { "line": 63, "column": 4 }, "end": { "line": 67, "column": 5 } },
          { "start": { "line": 65, "column": 11 }, "end": { "line": 67, "column": 5 } }
        ],
        "line": 63
      },
      "6": {
        "loc": { "start": { "line": 75, "column": 2 }, "end": { "line": 85, "column": 3 } },
        "type": "if",
        "locations": [
          { "start": { "line": 75, "column": 2 }, "end": { "line": 85, "column": 3 } },
          { "start": { "line": 83, "column": 9 }, "end": { "line": 85, "column": 3 } }
        ],
        "line": 75
      },
      "7": {
        "loc": { "start": { "line": 78, "column": 4 }, "end": { "line": 82, "column": 5 } },
        "type": "if",
        "locations": [
          { "start": { "line": 78, "column": 4 }, "end": { "line": 82, "column": 5 } },
          { "start": { "line": 80, "column": 11 }, "end": { "line": 82, "column": 5 } }
        ],
        "line": 78
      }
    },
    "s": {
      "0": 1,
      "1": 1,
      "2": 1,
      "3": 1,
      "4": 1,
      "5": 1,
      "6": 1,
      "7": 0,
      "8": 1,
      "9": 2,
      "10": 1,
      "11": 1,
      "12": 1,
      "13": 0,
      "14": 0,
      "15": 1,
      "16": 1,
      "17": 1,
      "18": 1,
      "19": 0,
      "20": 0,
      "21": 0,
      "22": 0,
      "23": 0,
      "24": 1,
      "25": 0,
      "26": 0,
      "27": 0,
      "28": 0,
      "29": 0,
      "30": 0,
      "31": 0,
      "32": 0,
      "33": 1,
      "34": 3,
      "35": 2,
      "36": 2,
      "37": 2,
      "38": 1,
      "39": 1,
      "40": 1,
      "41": 1
    },
    "f": { "0": 1, "1": 2, "2": 0, "3": 0, "4": 3 },
    "b": {
      "0": [0, 0],
      "1": [1, 1],
      "2": [0, 1],
      "3": [0, 0],
      "4": [0, 0],
      "5": [0, 0],
      "6": [2, 1],
      "7": [1, 1]
    },
    "_coverageSchema": "1a1c01bbd47fc00a2c39e90264f33305004495a9",
    "hash": "e39ef27d0ff2a556d4a86796b08a57915fce8ebe"
  },
  "C:\\Users\\user\\Documents\\BYU_4_Semester\\Backend_2_Final_Project\\CSE-341-FinalProject\\db\\connect.js": {
    "path": "C:\\Users\\user\\Documents\\BYU_4_Semester\\Backend_2_Final_Project\\CSE-341-FinalProject\\db\\connect.js",
    "statementMap": {
      "0": { "start": { "line": 1, "column": 15 }, "end": { "line": 1, "column": 32 } },
      "1": { "start": { "line": 2, "column": 17 }, "end": { "line": 2, "column": 36 } },
      "2": { "start": { "line": 3, "column": 0 }, "end": { "line": 3, "column": 16 } },
      "3": { "start": { "line": 7, "column": 15 }, "end": { "line": 21, "column": 1 } },
      "4": { "start": { "line": 8, "column": 2 }, "end": { "line": 11, "column": 3 } },
      "5": { "start": { "line": 9, "column": 4 }, "end": { "line": 9, "column": 46 } },
      "6": { "start": { "line": 10, "column": 4 }, "end": { "line": 10, "column": 31 } },
      "7": { "start": { "line": 12, "column": 2 }, "end": { "line": 20, "column": 7 } },
      "8": { "start": { "line": 15, "column": 6 }, "end": { "line": 15, "column": 19 } },
      "9": { "start": { "line": 16, "column": 6 }, "end": { "line": 16, "column": 26 } },
      "10": { "start": { "line": 19, "column": 6 }, "end": { "line": 19, "column": 20 } },
      "11": { "start": { "line": 23, "column": 14 }, "end": { "line": 28, "column": 1 } },
      "12": { "start": { "line": 24, "column": 2 }, "end": { "line": 26, "column": 3 } },
      "13": { "start": { "line": 25, "column": 4 }, "end": { "line": 25, "column": 39 } },
      "14": { "start": { "line": 27, "column": 2 }, "end": { "line": 27, "column": 13 } },
      "15": { "start": { "line": 30, "column": 0 }, "end": { "line": 33, "column": 2 } }
    },
    "fnMap": {
      "0": {
        "name": "(anonymous_0)",
        "decl": { "start": { "line": 7, "column": 15 }, "end": { "line": 7, "column": 16 } },
        "loc": { "start": { "line": 7, "column": 29 }, "end": { "line": 21, "column": 1 } },
        "line": 7
      },
      "1": {
        "name": "(anonymous_1)",
        "decl": { "start": { "line": 14, "column": 10 }, "end": { "line": 14, "column": 11 } },
        "loc": { "start": { "line": 14, "column": 22 }, "end": { "line": 17, "column": 5 } },
        "line": 14
      },
      "2": {
        "name": "(anonymous_2)",
        "decl": { "start": { "line": 18, "column": 11 }, "end": { "line": 18, "column": 12 } },
        "loc": { "start": { "line": 18, "column": 20 }, "end": { "line": 20, "column": 5 } },
        "line": 18
      },
      "3": {
        "name": "(anonymous_3)",
        "decl": { "start": { "line": 23, "column": 14 }, "end": { "line": 23, "column": 15 } },
        "loc": { "start": { "line": 23, "column": 20 }, "end": { "line": 28, "column": 1 } },
        "line": 23
      }
    },
    "branchMap": {
      "0": {
        "loc": { "start": { "line": 8, "column": 2 }, "end": { "line": 11, "column": 3 } },
        "type": "if",
        "locations": [
          { "start": { "line": 8, "column": 2 }, "end": { "line": 11, "column": 3 } },
          { "start": {}, "end": {} }
        ],
        "line": 8
      },
      "1": {
        "loc": { "start": { "line": 24, "column": 2 }, "end": { "line": 26, "column": 3 } },
        "type": "if",
        "locations": [
          { "start": { "line": 24, "column": 2 }, "end": { "line": 26, "column": 3 } },
          { "start": {}, "end": {} }
        ],
        "line": 24
      }
    },
    "s": {
      "0": 1,
      "1": 1,
      "2": 1,
      "3": 1,
      "4": 1,
      "5": 0,
      "6": 0,
      "7": 1,
      "8": 1,
      "9": 1,
      "10": 0,
      "11": 1,
      "12": 0,
      "13": 0,
      "14": 0,
      "15": 1
    },
    "f": { "0": 1, "1": 1, "2": 0, "3": 0 },
    "b": { "0": [0, 1], "1": [0, 0] },
    "_coverageSchema": "1a1c01bbd47fc00a2c39e90264f33305004495a9",
    "hash": "8b951f00f912015b8506856b47f5b02f962650e1"
  },
  "C:\\Users\\user\\Documents\\BYU_4_Semester\\Backend_2_Final_Project\\CSE-341-FinalProject\\helpers\\validate.js": {
    "path": "C:\\Users\\user\\Documents\\BYU_4_Semester\\Backend_2_Final_Project\\CSE-341-FinalProject\\helpers\\validate.js",
    "statementMap": {
      "0": { "start": { "line": 1, "column": 18 }, "end": { "line": 1, "column": 40 } },
      "1": { "start": { "line": 3, "column": 18 }, "end": { "line": 7, "column": 1 } },
      "2": { "start": { "line": 4, "column": 21 }, "end": { "line": 4, "column": 63 } },
      "3": { "start": { "line": 5, "column": 2 }, "end": { "line": 5, "column": 48 } },
      "4": { "start": { "line": 5, "column": 26 }, "end": { "line": 5, "column": 46 } },
      "5": { "start": { "line": 6, "column": 2 }, "end": { "line": 6, "column": 61 } },
      "6": { "start": { "line": 6, "column": 25 }, "end": { "line": 6, "column": 59 } },
      "7": { "start": { "line": 9, "column": 0 }, "end": { "line": 9, "column": 27 } }
    },
    "fnMap": {
      "0": {
        "name": "(anonymous_0)",
        "decl": { "start": { "line": 3, "column": 18 }, "end": { "line": 3, "column": 19 } },
        "loc": { "start": { "line": 3, "column": 67 }, "end": { "line": 7, "column": 1 } },
        "line": 3
      },
      "1": {
        "name": "(anonymous_1)",
        "decl": { "start": { "line": 5, "column": 20 }, "end": { "line": 5, "column": 21 } },
        "loc": { "start": { "line": 5, "column": 26 }, "end": { "line": 5, "column": 46 } },
        "line": 5
      },
      "2": {
        "name": "(anonymous_2)",
        "decl": { "start": { "line": 6, "column": 19 }, "end": { "line": 6, "column": 20 } },
        "loc": { "start": { "line": 6, "column": 25 }, "end": { "line": 6, "column": 59 } },
        "line": 6
      }
    },
    "branchMap": {},
    "s": { "0": 1, "1": 1, "2": 0, "3": 0, "4": 0, "5": 0, "6": 0, "7": 1 },
    "f": { "0": 0, "1": 0, "2": 0 },
    "b": {},
    "_coverageSchema": "1a1c01bbd47fc00a2c39e90264f33305004495a9",
    "hash": "954b2c3226125eaa9d28ea613093ef68984e8492"
  },
  "C:\\Users\\user\\Documents\\BYU_4_Semester\\Backend_2_Final_Project\\CSE-341-FinalProject\\middleware\\authenticate.js": {
    "path": "C:\\Users\\user\\Documents\\BYU_4_Semester\\Backend_2_Final_Project\\CSE-341-FinalProject\\middleware\\authenticate.js",
    "statementMap": {
      "0": { "start": { "line": 1, "column": 24 }, "end": { "line": 6, "column": 1 } },
      "1": { "start": { "line": 2, "column": 2 }, "end": { "line": 4, "column": 3 } },
      "2": { "start": { "line": 3, "column": 4 }, "end": { "line": 3, "column": 59 } },
      "3": { "start": { "line": 5, "column": 2 }, "end": { "line": 5, "column": 9 } },
      "4": { "start": { "line": 8, "column": 0 }, "end": { "line": 10, "column": 2 } }
    },
    "fnMap": {
      "0": {
        "name": "(anonymous_0)",
        "decl": { "start": { "line": 1, "column": 24 }, "end": { "line": 1, "column": 25 } },
        "loc": { "start": { "line": 1, "column": 44 }, "end": { "line": 6, "column": 1 } },
        "line": 1
      }
    },
    "branchMap": {
      "0": {
        "loc": { "start": { "line": 2, "column": 2 }, "end": { "line": 4, "column": 3 } },
        "type": "if",
        "locations": [
          { "start": { "line": 2, "column": 2 }, "end": { "line": 4, "column": 3 } },
          { "start": {}, "end": {} }
        ],
        "line": 2
      }
    },
    "s": { "0": 1, "1": 3, "2": 3, "3": 0, "4": 1 },
    "f": { "0": 3 },
    "b": { "0": [3, 0] },
    "_coverageSchema": "1a1c01bbd47fc00a2c39e90264f33305004495a9",
    "hash": "f4d336ba0360a6a4d7f89fe78f378ca708bd9371"
  },
  "C:\\Users\\user\\Documents\\BYU_4_Semester\\Backend_2_Final_Project\\CSE-341-FinalProject\\middleware\\validate.js": {
    "path": "C:\\Users\\user\\Documents\\BYU_4_Semester\\Backend_2_Final_Project\\CSE-341-FinalProject\\middleware\\validate.js",
    "statementMap": {
      "0": { "start": { "line": 1, "column": 18 }, "end": { "line": 1, "column": 48 } },
      "1": { "start": { "line": 3, "column": 22 }, "end": { "line": 23, "column": 1 } },
      "2": { "start": { "line": 4, "column": 23 }, "end": { "line": 11, "column": 3 } },
      "3": { "start": { "line": 12, "column": 2 }, "end": { "line": 22, "column": 5 } },
      "4": { "start": { "line": 13, "column": 4 }, "end": { "line": 21, "column": 5 } },
      "5": { "start": { "line": 14, "column": 6 }, "end": { "line": 18, "column": 9 } },
      "6": { "start": { "line": 20, "column": 6 }, "end": { "line": 20, "column": 13 } },
      "7": { "start": { "line": 25, "column": 18 }, "end": { "line": 46, "column": 1 } },
      "8": { "start": { "line": 26, "column": 23 }, "end": { "line": 34, "column": 3 } },
      "9": { "start": { "line": 35, "column": 2 }, "end": { "line": 45, "column": 5 } },
      "10": { "start": { "line": 36, "column": 4 }, "end": { "line": 44, "column": 5 } },
      "11": { "start": { "line": 37, "column": 6 }, "end": { "line": 41, "column": 9 } },
      "12": { "start": { "line": 43, "column": 6 }, "end": { "line": 43, "column": 13 } },
      "13": { "start": { "line": 48, "column": 19 }, "end": { "line": 67, "column": 1 } },
      "14": { "start": { "line": 49, "column": 23 }, "end": { "line": 55, "column": 3 } },
      "15": { "start": { "line": 56, "column": 2 }, "end": { "line": 66, "column": 5 } },
      "16": { "start": { "line": 57, "column": 4 }, "end": { "line": 65, "column": 5 } },
      "17": { "start": { "line": 58, "column": 6 }, "end": { "line": 62, "column": 9 } },
      "18": { "start": { "line": 64, "column": 6 }, "end": { "line": 64, "column": 13 } },
      "19": { "start": { "line": 69, "column": 21 }, "end": { "line": 91, "column": 1 } },
      "20": { "start": { "line": 70, "column": 23 }, "end": { "line": 79, "column": 3 } },
      "21": { "start": { "line": 80, "column": 2 }, "end": { "line": 90, "column": 5 } },
      "22": { "start": { "line": 81, "column": 4 }, "end": { "line": 89, "column": 5 } },
      "23": { "start": { "line": 82, "column": 6 }, "end": { "line": 86, "column": 9 } },
      "24": { "start": { "line": 88, "column": 6 }, "end": { "line": 88, "column": 13 } },
      "25": { "start": { "line": 93, "column": 0 }, "end": { "line": 98, "column": 2 } }
    },
    "fnMap": {
      "0": {
        "name": "(anonymous_0)",
        "decl": { "start": { "line": 3, "column": 22 }, "end": { "line": 3, "column": 23 } },
        "loc": { "start": { "line": 3, "column": 42 }, "end": { "line": 23, "column": 1 } },
        "line": 3
      },
      "1": {
        "name": "(anonymous_1)",
        "decl": { "start": { "line": 12, "column": 40 }, "end": { "line": 12, "column": 41 } },
        "loc": { "start": { "line": 12, "column": 57 }, "end": { "line": 22, "column": 3 } },
        "line": 12
      },
      "2": {
        "name": "(anonymous_2)",
        "decl": { "start": { "line": 25, "column": 18 }, "end": { "line": 25, "column": 19 } },
        "loc": { "start": { "line": 25, "column": 38 }, "end": { "line": 46, "column": 1 } },
        "line": 25
      },
      "3": {
        "name": "(anonymous_3)",
        "decl": { "start": { "line": 35, "column": 40 }, "end": { "line": 35, "column": 41 } },
        "loc": { "start": { "line": 35, "column": 57 }, "end": { "line": 45, "column": 3 } },
        "line": 35
      },
      "4": {
        "name": "(anonymous_4)",
        "decl": { "start": { "line": 48, "column": 19 }, "end": { "line": 48, "column": 20 } },
        "loc": { "start": { "line": 48, "column": 39 }, "end": { "line": 67, "column": 1 } },
        "line": 48
      },
      "5": {
        "name": "(anonymous_5)",
        "decl": { "start": { "line": 56, "column": 40 }, "end": { "line": 56, "column": 41 } },
        "loc": { "start": { "line": 56, "column": 57 }, "end": { "line": 66, "column": 3 } },
        "line": 56
      },
      "6": {
        "name": "(anonymous_6)",
        "decl": { "start": { "line": 69, "column": 21 }, "end": { "line": 69, "column": 22 } },
        "loc": { "start": { "line": 69, "column": 41 }, "end": { "line": 91, "column": 1 } },
        "line": 69
      },
      "7": {
        "name": "(anonymous_7)",
        "decl": { "start": { "line": 80, "column": 40 }, "end": { "line": 80, "column": 41 } },
        "loc": { "start": { "line": 80, "column": 57 }, "end": { "line": 90, "column": 3 } },
        "line": 80
      }
    },
    "branchMap": {
      "0": {
        "loc": { "start": { "line": 13, "column": 4 }, "end": { "line": 21, "column": 5 } },
        "type": "if",
        "locations": [
          { "start": { "line": 13, "column": 4 }, "end": { "line": 21, "column": 5 } },
          { "start": { "line": 19, "column": 11 }, "end": { "line": 21, "column": 5 } }
        ],
        "line": 13
      },
      "1": {
        "loc": { "start": { "line": 36, "column": 4 }, "end": { "line": 44, "column": 5 } },
        "type": "if",
        "locations": [
          { "start": { "line": 36, "column": 4 }, "end": { "line": 44, "column": 5 } },
          { "start": { "line": 42, "column": 11 }, "end": { "line": 44, "column": 5 } }
        ],
        "line": 36
      },
      "2": {
        "loc": { "start": { "line": 57, "column": 4 }, "end": { "line": 65, "column": 5 } },
        "type": "if",
        "locations": [
          { "start": { "line": 57, "column": 4 }, "end": { "line": 65, "column": 5 } },
          { "start": { "line": 63, "column": 11 }, "end": { "line": 65, "column": 5 } }
        ],
        "line": 57
      },
      "3": {
        "loc": { "start": { "line": 81, "column": 4 }, "end": { "line": 89, "column": 5 } },
        "type": "if",
        "locations": [
          { "start": { "line": 81, "column": 4 }, "end": { "line": 89, "column": 5 } },
          { "start": { "line": 87, "column": 11 }, "end": { "line": 89, "column": 5 } }
        ],
        "line": 81
      }
    },
    "s": {
      "0": 1,
      "1": 1,
      "2": 0,
      "3": 0,
      "4": 0,
      "5": 0,
      "6": 0,
      "7": 1,
      "8": 0,
      "9": 0,
      "10": 0,
      "11": 0,
      "12": 0,
      "13": 1,
      "14": 0,
      "15": 0,
      "16": 0,
      "17": 0,
      "18": 0,
      "19": 1,
      "20": 0,
      "21": 0,
      "22": 0,
      "23": 0,
      "24": 0,
      "25": 1
    },
    "f": { "0": 0, "1": 0, "2": 0, "3": 0, "4": 0, "5": 0, "6": 0, "7": 0 },
    "b": { "0": [0, 0], "1": [0, 0], "2": [0, 0], "3": [0, 0] },
    "_coverageSchema": "1a1c01bbd47fc00a2c39e90264f33305004495a9",
    "hash": "dea29ab2cd58e71433d504f778e54c213c2b3e3a"
  },
  "C:\\Users\\user\\Documents\\BYU_4_Semester\\Backend_2_Final_Project\\CSE-341-FinalProject\\models\\courses.js": {
    "path": "C:\\Users\\user\\Documents\\BYU_4_Semester\\Backend_2_Final_Project\\CSE-341-FinalProject\\models\\courses.js",
    "statementMap": {
      "0": { "start": { "line": 1, "column": 17 }, "end": { "line": 1, "column": 36 } },
      "1": { "start": { "line": 3, "column": 21 }, "end": { "line": 11, "column": 2 } },
      "2": { "start": { "line": 13, "column": 0 }, "end": { "line": 13, "column": 57 } }
    },
    "fnMap": {},
    "branchMap": {},
    "s": { "0": 1, "1": 1, "2": 1 },
    "f": {},
    "b": {},
    "_coverageSchema": "1a1c01bbd47fc00a2c39e90264f33305004495a9",
    "hash": "c3a71bfa9c92b5667652db82cdf9641c89812cda"
  },
  "C:\\Users\\user\\Documents\\BYU_4_Semester\\Backend_2_Final_Project\\CSE-341-FinalProject\\models\\instructors.js": {
    "path": "C:\\Users\\user\\Documents\\BYU_4_Semester\\Backend_2_Final_Project\\CSE-341-FinalProject\\models\\instructors.js",
    "statementMap": {
      "0": { "start": { "line": 1, "column": 17 }, "end": { "line": 1, "column": 36 } },
      "1": { "start": { "line": 3, "column": 25 }, "end": { "line": 10, "column": 2 } },
      "2": { "start": { "line": 12, "column": 0 }, "end": { "line": 12, "column": 65 } }
    },
    "fnMap": {},
    "branchMap": {},
    "s": { "0": 1, "1": 1, "2": 1 },
    "f": {},
    "b": {},
    "_coverageSchema": "1a1c01bbd47fc00a2c39e90264f33305004495a9",
    "hash": "5ab6aca9a1a545110b5e6689ed36c7b852dca5f0"
  },
  "C:\\Users\\user\\Documents\\BYU_4_Semester\\Backend_2_Final_Project\\CSE-341-FinalProject\\routes\\courses.js": {
    "path": "C:\\Users\\user\\Documents\\BYU_4_Semester\\Backend_2_Final_Project\\CSE-341-FinalProject\\routes\\courses.js",
    "statementMap": {
      "0": { "start": { "line": 1, "column": 15 }, "end": { "line": 1, "column": 42 } },
      "1": { "start": { "line": 3, "column": 29 }, "end": { "line": 3, "column": 62 } },
      "2": { "start": { "line": 4, "column": 17 }, "end": { "line": 4, "column": 50 } },
      "3": { "start": { "line": 5, "column": 13 }, "end": { "line": 5, "column": 53 } },
      "4": { "start": { "line": 7, "column": 0 }, "end": { "line": 7, "column": 52 } },
      "5": { "start": { "line": 8, "column": 0 }, "end": { "line": 8, "column": 51 } },
      "6": { "start": { "line": 9, "column": 0 }, "end": { "line": 9, "column": 92 } },
      "7": { "start": { "line": 10, "column": 0 }, "end": { "line": 10, "column": 93 } },
      "8": { "start": { "line": 11, "column": 0 }, "end": { "line": 11, "column": 57 } },
      "9": { "start": { "line": 13, "column": 0 }, "end": { "line": 13, "column": 24 } }
    },
    "fnMap": {},
    "branchMap": {},
    "s": { "0": 1, "1": 1, "2": 1, "3": 1, "4": 1, "5": 1, "6": 1, "7": 1, "8": 1, "9": 1 },
    "f": {},
    "b": {},
    "_coverageSchema": "1a1c01bbd47fc00a2c39e90264f33305004495a9",
    "hash": "189449a43fe7467bc12b5e26477b1f44d5be8e60"
  },
  "C:\\Users\\user\\Documents\\BYU_4_Semester\\Backend_2_Final_Project\\CSE-341-FinalProject\\routes\\index.js": {
    "path": "C:\\Users\\user\\Documents\\BYU_4_Semester\\Backend_2_Final_Project\\CSE-341-FinalProject\\routes\\index.js",
    "statementMap": {
      "0": { "start": { "line": 1, "column": 15 }, "end": { "line": 1, "column": 42 } },
      "1": { "start": { "line": 3, "column": 0 }, "end": { "line": 5, "column": 3 } },
      "2": { "start": { "line": 4, "column": 2 }, "end": { "line": 4, "column": 46 } },
      "3": { "start": { "line": 7, "column": 0 }, "end": { "line": 7, "column": 46 } },
      "4": { "start": { "line": 8, "column": 0 }, "end": { "line": 8, "column": 45 } },
      "5": { "start": { "line": 9, "column": 0 }, "end": { "line": 9, "column": 53 } },
      "6": { "start": { "line": 10, "column": 0 }, "end": { "line": 10, "column": 45 } },
      "7": { "start": { "line": 12, "column": 0 }, "end": { "line": 12, "column": 24 } }
    },
    "fnMap": {
      "0": {
        "name": "(anonymous_0)",
        "decl": { "start": { "line": 3, "column": 16 }, "end": { "line": 3, "column": 17 } },
        "loc": { "start": { "line": 3, "column": 30 }, "end": { "line": 5, "column": 1 } },
        "line": 3
      }
    },
    "branchMap": {},
    "s": { "0": 1, "1": 1, "2": 0, "3": 1, "4": 1, "5": 1, "6": 1, "7": 1 },
    "f": { "0": 0 },
    "b": {},
    "_coverageSchema": "1a1c01bbd47fc00a2c39e90264f33305004495a9",
    "hash": "744ee1dc0091a041c6f18b8c5544127d392a3c18"
  },
  "C:\\Users\\user\\Documents\\BYU_4_Semester\\Backend_2_Final_Project\\CSE-341-FinalProject\\routes\\instructors.js": {
    "path": "C:\\Users\\user\\Documents\\BYU_4_Semester\\Backend_2_Final_Project\\CSE-341-FinalProject\\routes\\instructors.js",
    "statementMap": {
      "0": { "start": { "line": 1, "column": 15 }, "end": { "line": 1, "column": 42 } },
      "1": { "start": { "line": 3, "column": 33 }, "end": { "line": 3, "column": 70 } },
      "2": { "start": { "line": 4, "column": 17 }, "end": { "line": 4, "column": 50 } },
      "3": { "start": { "line": 5, "column": 13 }, "end": { "line": 5, "column": 53 } },
      "4": { "start": { "line": 7, "column": 0 }, "end": { "line": 7, "column": 60 } },
      "5": { "start": { "line": 8, "column": 0 }, "end": { "line": 8, "column": 59 } },
      "6": { "start": { "line": 9, "column": 0 }, "end": { "line": 14, "column": 2 } },
      "7": { "start": { "line": 15, "column": 0 }, "end": { "line": 20, "column": 2 } },
      "8": { "start": { "line": 21, "column": 0 }, "end": { "line": 21, "column": 65 } },
      "9": { "start": { "line": 23, "column": 0 }, "end": { "line": 23, "column": 24 } }
    },
    "fnMap": {},
    "branchMap": {},
    "s": { "0": 1, "1": 1, "2": 1, "3": 1, "4": 1, "5": 1, "6": 1, "7": 1, "8": 1, "9": 1 },
    "f": {},
    "b": {},
    "_coverageSchema": "1a1c01bbd47fc00a2c39e90264f33305004495a9",
    "hash": "fcb2e4aea6dfbb5021f31c54c63b24babbf0103b"
  },
  "C:\\Users\\user\\Documents\\BYU_4_Semester\\Backend_2_Final_Project\\CSE-341-FinalProject\\routes\\profile.js": {
    "path": "C:\\Users\\user\\Documents\\BYU_4_Semester\\Backend_2_Final_Project\\CSE-341-FinalProject\\routes\\profile.js",
    "statementMap": {
      "0": { "start": { "line": 1, "column": 15 }, "end": { "line": 1, "column": 42 } },
      "1": { "start": { "line": 9, "column": 0 }, "end": { "line": 11, "column": 3 } },
      "2": { "start": { "line": 10, "column": 2 }, "end": { "line": 10, "column": 90 } },
      "3": { "start": { "line": 13, "column": 0 }, "end": { "line": 13, "column": 24 } }
    },
    "fnMap": {
      "0": {
        "name": "(anonymous_0)",
        "decl": { "start": { "line": 9, "column": 16 }, "end": { "line": 9, "column": 17 } },
        "loc": { "start": { "line": 9, "column": 30 }, "end": { "line": 11, "column": 1 } },
        "line": 9
      }
    },
    "branchMap": {
      "0": {
        "loc": { "start": { "line": 10, "column": 2 }, "end": { "line": 10, "column": 89 } },
        "type": "cond-expr",
        "locations": [
          { "start": { "line": 10, "column": 18 }, "end": { "line": 10, "column": 64 } },
          { "start": { "line": 10, "column": 67 }, "end": { "line": 10, "column": 89 } }
        ],
        "line": 10
      }
    },
    "s": { "0": 1, "1": 1, "2": 0, "3": 1 },
    "f": { "0": 0 },
    "b": { "0": [0, 0] },
    "_coverageSchema": "1a1c01bbd47fc00a2c39e90264f33305004495a9",
    "hash": "ae6d87a9a8e78afc1bef436aa663036f05e8cd21"
  },
  "C:\\Users\\user\\Documents\\BYU_4_Semester\\Backend_2_Final_Project\\CSE-341-FinalProject\\routes\\swagger.js": {
    "path": "C:\\Users\\user\\Documents\\BYU_4_Semester\\Backend_2_Final_Project\\CSE-341-FinalProject\\routes\\swagger.js",
    "statementMap": {
      "0": { "start": { "line": 1, "column": 15 }, "end": { "line": 1, "column": 42 } },
      "1": { "start": { "line": 2, "column": 18 }, "end": { "line": 2, "column": 47 } },
      "2": { "start": { "line": 3, "column": 24 }, "end": { "line": 3, "column": 57 } },
      "3": { "start": { "line": 5, "column": 0 }, "end": { "line": 5, "column": 67 } },
      "4": { "start": { "line": 7, "column": 0 }, "end": { "line": 7, "column": 24 } }
    },
    "fnMap": {},
    "branchMap": {},
    "s": { "0": 1, "1": 1, "2": 1, "3": 1, "4": 1 },
    "f": {},
    "b": {},
    "_coverageSchema": "1a1c01bbd47fc00a2c39e90264f33305004495a9",
    "hash": "27fb92ea71a13d102673083372552b92c6e7c86f"
  }
}
